<?xml version="1.0" encoding="UTF-8"?>
<!-- Generated by org.testng.reporters.JUnitXMLReporter -->
<testsuite ignored="0" hostname="Monicas-MacBook-Pro.local" failures="1" tests="1" name="TestFiltroProductosPorMarca_Escenario1" time="22.964" errors="0" timestamp="2022-07-30T00:02:37 CST">
  <testcase classname="Test_Scenarios.TestFiltrarProductosPorMarca_Escenario1" name="testEscenario1" time="5.414">
    <failure type="org.openqa.selenium.NoSuchElementException" message="no such element: Unable to locate element: {&amp;quot;method&amp;quot;:&amp;quot;xpath&amp;quot;,&amp;quot;selector&amp;quot;:&amp;quot;/html/body/am-main/div[2]/am-product-search/div/div/div/div[1]/am-product-filter/div[4]/div[1]/img&amp;quot;}
  (Session info: chrome=103.0.5060.134)
For documentation on this error, please visit: https://selenium.dev/exceptions/#no_such_element
Build info: version: &amp;apos;4.3.0&amp;apos;, revision: &amp;apos;a4995e2c09*&amp;apos;
System info: host: &amp;apos;Monicas-MacBook-Pro.local&amp;apos;, ip: &amp;apos;fe80:0:0:0:14be:8b55:7842:9c12%en0&amp;apos;, os.name: &amp;apos;Mac OS X&amp;apos;, os.arch: &amp;apos;x86_64&amp;apos;, os.version: &amp;apos;12.4&amp;apos;, java.version: &amp;apos;17.0.3&amp;apos;
Driver info: org.openqa.selenium.chrome.ChromeDriver
Command: [0268a400a5bb8b4ead1ee840669bbf3d, findElement {using=xpath, value=/html/body/am-main/div[2]/am-product-search/div/div/div/div[1]/am-product-filter/div[4]/div[1]/img}]
Capabilities {acceptInsecureCerts: false, browserName: chrome, browserVersion: 103.0.5060.134, chrome: {chromedriverVersion: 103.0.5060.53 (a1711811edd7..., userDataDir: /var/folders/mb/_nx0yvwn58z...}, goog:chromeOptions: {debuggerAddress: localhost:51269}, networkConnectionEnabled: false, pageLoadStrategy: normal, platformName: MAC, proxy: Proxy(), se:cdp: ws://localhost:51269/devtoo..., se:cdpVersion: 103.0.5060.134, setWindowRect: true, strictFileInteractability: false, timeouts: {implicit: 0, pageLoad: 300000, script: 30000}, unhandledPromptBehavior: dismiss and notify, webauthn:extension:credBlob: true, webauthn:extension:largeBlob: true, webauthn:virtualAuthenticators: true}
Session ID: 0268a400a5bb8b4ead1ee840669bbf3d">
      <![CDATA[org.openqa.selenium.NoSuchElementException: no such element: Unable to locate element: {"method":"xpath","selector":"/html/body/am-main/div[2]/am-product-search/div/div/div/div[1]/am-product-filter/div[4]/div[1]/img"}
  (Session info: chrome=103.0.5060.134)
For documentation on this error, please visit: https://selenium.dev/exceptions/#no_such_element
Build info: version: '4.3.0', revision: 'a4995e2c09*'
System info: host: 'Monicas-MacBook-Pro.local', ip: 'fe80:0:0:0:14be:8b55:7842:9c12%en0', os.name: 'Mac OS X', os.arch: 'x86_64', os.version: '12.4', java.version: '17.0.3'
Driver info: org.openqa.selenium.chrome.ChromeDriver
Command: [0268a400a5bb8b4ead1ee840669bbf3d, findElement {using=xpath, value=/html/body/am-main/div[2]/am-product-search/div/div/div/div[1]/am-product-filter/div[4]/div[1]/img}]
Capabilities {acceptInsecureCerts: false, browserName: chrome, browserVersion: 103.0.5060.134, chrome: {chromedriverVersion: 103.0.5060.53 (a1711811edd7..., userDataDir: /var/folders/mb/_nx0yvwn58z...}, goog:chromeOptions: {debuggerAddress: localhost:51269}, networkConnectionEnabled: false, pageLoadStrategy: normal, platformName: MAC, proxy: Proxy(), se:cdp: ws://localhost:51269/devtoo..., se:cdpVersion: 103.0.5060.134, setWindowRect: true, strictFileInteractability: false, timeouts: {implicit: 0, pageLoad: 300000, script: 30000}, unhandledPromptBehavior: dismiss and notify, webauthn:extension:credBlob: true, webauthn:extension:largeBlob: true, webauthn:virtualAuthenticators: true}
Session ID: 0268a400a5bb8b4ead1ee840669bbf3d
at org.openqa.selenium.remote.codec.w3c.W3CHttpResponseCodec.createException(W3CHttpResponseCodec.java:200)
at org.openqa.selenium.remote.codec.w3c.W3CHttpResponseCodec.decode(W3CHttpResponseCodec.java:133)
at org.openqa.selenium.remote.codec.w3c.W3CHttpResponseCodec.decode(W3CHttpResponseCodec.java:53)
at org.openqa.selenium.remote.HttpCommandExecutor.execute(HttpCommandExecutor.java:184)
at org.openqa.selenium.remote.service.DriverCommandExecutor.invokeExecute(DriverCommandExecutor.java:167)
at org.openqa.selenium.remote.service.DriverCommandExecutor.execute(DriverCommandExecutor.java:142)
at org.openqa.selenium.remote.RemoteWebDriver.execute(RemoteWebDriver.java:569)
at org.openqa.selenium.remote.ElementLocation$ElementFinder$2.findElement(ElementLocation.java:162)
at org.openqa.selenium.remote.ElementLocation.findElement(ElementLocation.java:60)
at org.openqa.selenium.remote.RemoteWebDriver.findElement(RemoteWebDriver.java:387)
at org.openqa.selenium.remote.RemoteWebDriver.findElement(RemoteWebDriver.java:379)
at Objects.BasePage.click(BasePage.java:23)
at Objects.FiltroProductosPorMarcaPage.clickOpcionVerMarcas(FiltroProductosPorMarcaPage.java:22)
at Test_Scenarios.TestFiltrarProductosPorMarca_Escenario1.testEscenario1(TestFiltrarProductosPorMarca_Escenario1.java:21)
at java.base/java.util.ArrayList.forEach(ArrayList.java:1511)
... Removed 32 stack frames]]>
    </failure>
  </testcase> <!-- testEscenario1 -->
</testsuite> <!-- TestFiltroProductosPorMarca_Escenario1 -->
