<?xml version="1.0" encoding="UTF-8"?>
<!-- Generated by org.testng.reporters.JUnitXMLReporter -->
<testsuite ignored="0" hostname="Yucepe-pc" failures="1" tests="1" name="testInicioSesionIncorrecto" time="47.375" errors="0" timestamp="2022-08-02T09:30:58 CST">
  <testcase classname="Test_Scenarios.Humo.TestValidacionesInicioSesion" name="testEscenario1" time="39.313">
    <failure type="org.openqa.selenium.TimeoutException" message="Expected condition failed: waiting for visibility of element located by By.xpath: /html/body/ngb-modal-window/div/div/am-login-modal/div/div/div/div[2]/div[2]/div/form/div[2]/div[2]/smal (tried for 30 second(s) with 500 milliseconds interval)
Build info: version: &amp;apos;4.3.0&amp;apos;, revision: &amp;apos;a4995e2c09*&amp;apos;
System info: host: &amp;apos;YUCEPE-PC&amp;apos;, ip: &amp;apos;192.168.100.10&amp;apos;, os.name: &amp;apos;Windows 11&amp;apos;, os.arch: &amp;apos;amd64&amp;apos;, os.version: &amp;apos;10.0&amp;apos;, java.version: &amp;apos;18.0.2&amp;apos;
Driver info: org.openqa.selenium.chrome.ChromeDriver
Capabilities {acceptInsecureCerts: false, browserName: chrome, browserVersion: 103.0.5060.134, chrome: {chromedriverVersion: 103.0.5060.24 (e47b049c438c..., userDataDir: C:\Users\Yozzco\AppData\Loc...}, goog:chromeOptions: {debuggerAddress: localhost:58973}, networkConnectionEnabled: false, pageLoadStrategy: normal, platformName: WINDOWS, proxy: Proxy(), se:cdp: ws://localhost:58973/devtoo..., se:cdpVersion: 103.0.5060.134, setWindowRect: true, strictFileInteractability: false, timeouts: {implicit: 0, pageLoad: 300000, script: 30000}, unhandledPromptBehavior: dismiss and notify, webauthn:extension:credBlob: true, webauthn:extension:largeBlob: true, webauthn:virtualAuthenticators: true}
Session ID: 1fd9fb24d00a7821fdc43ff1c38d43da">
      <![CDATA[org.openqa.selenium.TimeoutException: Expected condition failed: waiting for visibility of element located by By.xpath: /html/body/ngb-modal-window/div/div/am-login-modal/div/div/div/div[2]/div[2]/div/form/div[2]/div[2]/smal (tried for 30 second(s) with 500 milliseconds interval)
Build info: version: '4.3.0', revision: 'a4995e2c09*'
System info: host: 'YUCEPE-PC', ip: '192.168.100.10', os.name: 'Windows 11', os.arch: 'amd64', os.version: '10.0', java.version: '18.0.2'
Driver info: org.openqa.selenium.chrome.ChromeDriver
Capabilities {acceptInsecureCerts: false, browserName: chrome, browserVersion: 103.0.5060.134, chrome: {chromedriverVersion: 103.0.5060.24 (e47b049c438c..., userDataDir: C:\Users\Yozzco\AppData\Loc...}, goog:chromeOptions: {debuggerAddress: localhost:58973}, networkConnectionEnabled: false, pageLoadStrategy: normal, platformName: WINDOWS, proxy: Proxy(), se:cdp: ws://localhost:58973/devtoo..., se:cdpVersion: 103.0.5060.134, setWindowRect: true, strictFileInteractability: false, timeouts: {implicit: 0, pageLoad: 300000, script: 30000}, unhandledPromptBehavior: dismiss and notify, webauthn:extension:credBlob: true, webauthn:extension:largeBlob: true, webauthn:virtualAuthenticators: true}
Session ID: 1fd9fb24d00a7821fdc43ff1c38d43da
at org.openqa.selenium.support.ui.WebDriverWait.timeoutException(WebDriverWait.java:87)
at org.openqa.selenium.support.ui.FluentWait.until(FluentWait.java:231)
at Objects.BasePage.isDisplayed(BasePage.java:35)
at Objects.InicioSesion.InicioSesionInCorrecto.encontrarConfirmacionCotnrasena(InicioSesionInCorrecto.java:56)
at Test_Scenarios.Humo.TestValidacionesInicioSesion.testEscenario1(TestValidacionesInicioSesion.java:29)
at java.base/java.util.ArrayList.forEach(ArrayList.java:1511)
... Removed 25 stack frames]]>
    </failure>
  </testcase> <!-- testEscenario1 -->
</testsuite> <!-- testInicioSesionIncorrecto -->
