<?xml version="1.0" encoding="UTF-8"?>
<!-- Generated by org.testng.reporters.JUnitXMLReporter -->
<testsuite ignored="0" hostname="DESKTOP-O4NGOOU" failures="1" tests="1" name="TestAgregarProductosDesdeLista" time="8.573" errors="0" timestamp="2022-08-06T00:40:27 CST">
  <testcase classname="Test_Scenarios.Integracion.TestGuardarCarritoComoLista" name="GuardarCarritoComoLista" time="0.0">
    <failure type="org.testng.TestNGException" message="
Parameter &amp;apos;producto&amp;apos; is required by @Test on method GuardarCarritoComoLista but has not been marked @Optional or defined
in C:\Users\XPC\eclipse-workspace\ProyectoAutomercado\testng.xml">
      <![CDATA[org.testng.TestNGException: 
Parameter 'producto' is required by @Test on method GuardarCarritoComoLista but has not been marked @Optional or defined
in C:\Users\XPC\eclipse-workspace\ProyectoAutomercado\testng.xml
at java.base/java.util.ArrayList.forEach(ArrayList.java:1541)
... Removed 26 stack frames]]>
    </failure>
  </testcase> <!-- GuardarCarritoComoLista -->
</testsuite> <!-- TestAgregarProductosDesdeLista -->
