<?xml version="1.0" encoding="UTF-8"?>
<!-- Generated by org.testng.reporters.JUnitXMLReporter -->
<testsuite ignored="0" hostname="DESKTOP-O4NGOOU" failures="1" tests="1" name="TestBusquedaProducto_Escenario1" time="26.916" errors="0" timestamp="2022-08-06T20:43:40 CST">
  <testcase classname="Test_Scenarios.Funcionales.TestBuscarProducto" name="testEscenario1" time="20.66">
    <failure type="org.openqa.selenium.WebDriverException" message="chrome not reachable
  (Session info: chrome=104.0.5112.79)
Build info: version: &amp;apos;4.3.0&amp;apos;, revision: &amp;apos;a4995e2c09*&amp;apos;
System info: host: &amp;apos;DESKTOP-O4NGOOU&amp;apos;, ip: &amp;apos;192.168.0.12&amp;apos;, os.name: &amp;apos;Windows 10&amp;apos;, os.arch: &amp;apos;amd64&amp;apos;, os.version: &amp;apos;10.0&amp;apos;, java.version: &amp;apos;11.0.13&amp;apos;
Driver info: org.openqa.selenium.chrome.ChromeDriver
Command: [462de6e147f91e37ba25851e23097d81, findElement {using=xpath, value=/html/body/am-main/div[1]/am-navbar/nav/div[1]/div/ul/div[2]/li/am-product-search-navbar/form/div/ul/li[1]/am-product-search-list/a/em}]
Capabilities {acceptInsecureCerts: false, browserName: chrome, browserVersion: 104.0.5112.79, chrome: {chromedriverVersion: 104.0.5112.79 (3cf3e8c8a07d..., userDataDir: C:\Users\XPC\AppData\Local\...}, goog:chromeOptions: {debuggerAddress: localhost:58316}, networkConnectionEnabled: false, pageLoadStrategy: normal, platformName: WINDOWS, proxy: Proxy(), se:cdp: ws://localhost:58316/devtoo..., se:cdpVersion: 104.0.5112.79, setWindowRect: true, strictFileInteractability: false, timeouts: {implicit: 0, pageLoad: 300000, script: 30000}, unhandledPromptBehavior: dismiss and notify, webauthn:extension:credBlob: true, webauthn:extension:largeBlob: true, webauthn:virtualAuthenticators: true}
Session ID: 462de6e147f91e37ba25851e23097d81">
      <![CDATA[org.openqa.selenium.WebDriverException: chrome not reachable
  (Session info: chrome=104.0.5112.79)
Build info: version: '4.3.0', revision: 'a4995e2c09*'
System info: host: 'DESKTOP-O4NGOOU', ip: '192.168.0.12', os.name: 'Windows 10', os.arch: 'amd64', os.version: '10.0', java.version: '11.0.13'
Driver info: org.openqa.selenium.chrome.ChromeDriver
Command: [462de6e147f91e37ba25851e23097d81, findElement {using=xpath, value=/html/body/am-main/div[1]/am-navbar/nav/div[1]/div/ul/div[2]/li/am-product-search-navbar/form/div/ul/li[1]/am-product-search-list/a/em}]
Capabilities {acceptInsecureCerts: false, browserName: chrome, browserVersion: 104.0.5112.79, chrome: {chromedriverVersion: 104.0.5112.79 (3cf3e8c8a07d..., userDataDir: C:\Users\XPC\AppData\Local\...}, goog:chromeOptions: {debuggerAddress: localhost:58316}, networkConnectionEnabled: false, pageLoadStrategy: normal, platformName: WINDOWS, proxy: Proxy(), se:cdp: ws://localhost:58316/devtoo..., se:cdpVersion: 104.0.5112.79, setWindowRect: true, strictFileInteractability: false, timeouts: {implicit: 0, pageLoad: 300000, script: 30000}, unhandledPromptBehavior: dismiss and notify, webauthn:extension:credBlob: true, webauthn:extension:largeBlob: true, webauthn:virtualAuthenticators: true}
Session ID: 462de6e147f91e37ba25851e23097d81
at org.openqa.selenium.remote.codec.w3c.W3CHttpResponseCodec.createException(W3CHttpResponseCodec.java:200)
at org.openqa.selenium.remote.codec.w3c.W3CHttpResponseCodec.decode(W3CHttpResponseCodec.java:133)
at org.openqa.selenium.remote.codec.w3c.W3CHttpResponseCodec.decode(W3CHttpResponseCodec.java:53)
at org.openqa.selenium.remote.HttpCommandExecutor.execute(HttpCommandExecutor.java:184)
at org.openqa.selenium.remote.service.DriverCommandExecutor.invokeExecute(DriverCommandExecutor.java:167)
at org.openqa.selenium.remote.service.DriverCommandExecutor.execute(DriverCommandExecutor.java:142)
at org.openqa.selenium.remote.RemoteWebDriver.execute(RemoteWebDriver.java:569)
at org.openqa.selenium.remote.ElementLocation$ElementFinder$2.findElement(ElementLocation.java:162)
at org.openqa.selenium.remote.ElementLocation.findElement(ElementLocation.java:60)
at org.openqa.selenium.remote.RemoteWebDriver.findElement(RemoteWebDriver.java:387)
at org.openqa.selenium.remote.RemoteWebDriver.findElement(RemoteWebDriver.java:379)
at Objects.BasePage.click(BasePage.java:23)
at Objects.BusquedaPage.BusquedaProductoPage.clickResultado(BusquedaProductoPage.java:25)
at Test_Scenarios.Funcionales.TestBuscarProducto.testEscenario1(TestBuscarProducto.java:21)
at java.base/java.util.ArrayList.forEach(ArrayList.java:1541)
... Removed 31 stack frames]]>
    </failure>
  </testcase> <!-- testEscenario1 -->
</testsuite> <!-- TestBusquedaProducto_Escenario1 -->
