<?xml version="1.0" encoding="UTF-8"?>
<testng-results ignored="0" total="1" passed="1" failed="0" skipped="0">
  <reporter-output>
  </reporter-output>
  <suite started-at="2022-08-02T08:56:48 CST" name="Suite" finished-at="2022-08-02T08:57:08 CST" duration-ms="19909">
    <groups>
    </groups>
    <test started-at="2022-08-02T08:56:48 CST" name="testInicioSesionIncorrecto" finished-at="2022-08-02T08:57:08 CST" duration-ms="19909">
      <class name="Test_Scenarios.Humo.TestInicioCredencialesIncorrectas">
        <test-method is-config="true" signature="InitialSetUp(java.lang.String,java.lang.String)[pri:0, instance:Test_Scenarios.Humo.TestInicioCredencialesIncorrectas@1757cd72]" started-at="2022-08-02T08:56:48 CST" name="InitialSetUp" finished-at="2022-08-02T08:56:54 CST" duration-ms="5975" status="PASS">
          <params>
            <param index="0">
              <value>
                <![CDATA[Chrome]]>
              </value>
            </param>
            <param index="1">
              <value>
                <![CDATA[https://www.automercado.cr/]]>
              </value>
            </param>
          </params>
          <reporter-output>
          </reporter-output>
        </test-method> <!-- InitialSetUp -->
        <test-method is-config="true" signature="methodLevelSetUp()[pri:0, instance:Test_Scenarios.Humo.TestInicioCredencialesIncorrectas@1757cd72]" started-at="2022-08-02T08:56:54 CST" name="methodLevelSetUp" finished-at="2022-08-02T08:56:54 CST" duration-ms="2" status="PASS">
          <reporter-output>
          </reporter-output>
        </test-method> <!-- methodLevelSetUp -->
        <test-method signature="testEscenario1(java.lang.String,java.lang.String)[pri:0, instance:Test_Scenarios.Humo.TestInicioCredencialesIncorrectas@1757cd72]" started-at="2022-08-02T08:56:54 CST" name="testEscenario1" finished-at="2022-08-02T08:57:08 CST" duration-ms="13390" status="PASS">
          <params>
            <param index="0">
              <value>
                <![CDATA[olman.personal@gmail.com]]>
              </value>
            </param>
            <param index="1">
              <value>
                <![CDATA[Olmi1910.]]>
              </value>
            </param>
          </params>
          <reporter-output>
          </reporter-output>
        </test-method> <!-- testEscenario1 -->
        <test-method is-config="true" signature="teardown()[pri:0, instance:Test_Scenarios.Humo.TestInicioCredencialesIncorrectas@1757cd72]" started-at="2022-08-02T08:57:08 CST" name="teardown" finished-at="2022-08-02T08:57:08 CST" duration-ms="488" status="PASS">
          <reporter-output>
          </reporter-output>
        </test-method> <!-- teardown -->
      </class> <!-- Test_Scenarios.Humo.TestInicioCredencialesIncorrectas -->
    </test> <!-- testInicioSesionIncorrecto -->
  </suite> <!-- Suite -->
</testng-results>
