<?xml version="1.0" encoding="UTF-8"?>
<testng-results ignored="0" total="2" passed="1" failed="1" skipped="0">
  <reporter-output>
  </reporter-output>
  <suite started-at="2022-07-30T00:21:44 CST" name="Suite" finished-at="2022-07-30T00:22:13 CST" duration-ms="29364">
    <groups>
    </groups>
    <test started-at="2022-07-30T00:21:44 CST" name="TestBusquedaProducto_Escenario1" finished-at="2022-07-30T00:22:03 CST" duration-ms="18920">
      <class name="Test_Scenarios.TestBuscarProducto_Escenario1">
        <test-method is-config="true" signature="InitialSetUp(java.lang.String,java.lang.String)[pri:0, instance:Test_Scenarios.TestBuscarProducto_Escenario1@131774fe]" started-at="2022-07-30T00:21:44 CST" name="InitialSetUp" finished-at="2022-07-30T00:21:51 CST" duration-ms="7606" status="PASS">
          <params>
            <param index="0">
              <value>
                <![CDATA[Chrome]]>
              </value>
            </param>
            <param index="1">
              <value>
                <![CDATA[https://www.automercado.cr/]]>
              </value>
            </param>
          </params>
          <reporter-output>
          </reporter-output>
        </test-method> <!-- InitialSetUp -->
        <test-method is-config="true" signature="methodLevelSetUp()[pri:0, instance:Test_Scenarios.TestBuscarProducto_Escenario1@131774fe]" started-at="2022-07-30T00:21:52 CST" name="methodLevelSetUp" finished-at="2022-07-30T00:21:52 CST" duration-ms="3" status="PASS">
          <reporter-output>
          </reporter-output>
        </test-method> <!-- methodLevelSetUp -->
        <test-method signature="testEscenario1(java.lang.String)[pri:0, instance:Test_Scenarios.TestBuscarProducto_Escenario1@131774fe]" started-at="2022-07-30T00:21:52 CST" name="testEscenario1" finished-at="2022-07-30T00:22:02 CST" duration-ms="10231" status="PASS">
          <params>
            <param index="0">
              <value>
                <![CDATA[chocolate]]>
              </value>
            </param>
          </params>
          <reporter-output>
          </reporter-output>
        </test-method> <!-- testEscenario1 -->
        <test-method is-config="true" signature="teardown()[pri:0, instance:Test_Scenarios.TestBuscarProducto_Escenario1@131774fe]" started-at="2022-07-30T00:22:02 CST" name="teardown" finished-at="2022-07-30T00:22:03 CST" duration-ms="1005" status="PASS">
          <reporter-output>
          </reporter-output>
        </test-method> <!-- teardown -->
      </class> <!-- Test_Scenarios.TestBuscarProducto_Escenario1 -->
    </test> <!-- TestBusquedaProducto_Escenario1 -->
    <test started-at="2022-07-30T00:22:03 CST" name="TestFiltroProductosPorMarca_Escenario1" finished-at="2022-07-30T00:22:13 CST" duration-ms="10380">
      <class name="Test_Scenarios.TestFiltrarProductosPorMarca_Escenario1">
        <test-method is-config="true" signature="InitialSetUp(java.lang.String,java.lang.String)[pri:0, instance:Test_Scenarios.TestFiltrarProductosPorMarca_Escenario1@7b2bbc3]" started-at="2022-07-30T00:22:03 CST" name="InitialSetUp" finished-at="2022-07-30T00:22:08 CST" duration-ms="4895" status="PASS">
          <params>
            <param index="0">
              <value>
                <![CDATA[Chrome]]>
              </value>
            </param>
            <param index="1">
              <value>
                <![CDATA[https://www.automercado.cr/]]>
              </value>
            </param>
          </params>
          <reporter-output>
          </reporter-output>
        </test-method> <!-- InitialSetUp -->
        <test-method is-config="true" signature="methodLevelSetUp()[pri:0, instance:Test_Scenarios.TestFiltrarProductosPorMarca_Escenario1@7b2bbc3]" started-at="2022-07-30T00:22:08 CST" name="methodLevelSetUp" finished-at="2022-07-30T00:22:08 CST" duration-ms="2" status="PASS">
          <reporter-output>
          </reporter-output>
        </test-method> <!-- methodLevelSetUp -->
        <test-method signature="testEscenario1()[pri:0, instance:Test_Scenarios.TestFiltrarProductosPorMarca_Escenario1@7b2bbc3]" started-at="2022-07-30T00:22:08 CST" name="testEscenario1" finished-at="2022-07-30T00:22:13 CST" duration-ms="5147" status="FAIL">
          <exception class="org.openqa.selenium.NoSuchElementException">
            <message>
              <![CDATA[no such element: Unable to locate element: {"method":"xpath","selector":"/html/body/am-main/div[2]/am-product-search/div/div/div/div[1]/am-product-filter/div[4]/div[1]/img"}
  (Session info: chrome=103.0.5060.134)
For documentation on this error, please visit: https://selenium.dev/exceptions/#no_such_element
Build info: version: '4.3.0', revision: 'a4995e2c09*'
System info: host: 'YUCEPE-PC', ip: '192.168.100.10', os.name: 'Windows 11', os.arch: 'amd64', os.version: '10.0', java.version: '18.0.2'
Driver info: org.openqa.selenium.chrome.ChromeDriver
Command: [2d41c02d702d41db49e62dcc44a1eb95, findElement {using=xpath, value=/html/body/am-main/div[2]/am-product-search/div/div/div/div[1]/am-product-filter/div[4]/div[1]/img}]
Capabilities {acceptInsecureCerts: false, browserName: chrome, browserVersion: 103.0.5060.134, chrome: {chromedriverVersion: 103.0.5060.24 (e47b049c438c..., userDataDir: C:\Users\Yozzco\AppData\Loc...}, goog:chromeOptions: {debuggerAddress: localhost:50854}, networkConnectionEnabled: false, pageLoadStrategy: normal, platformName: WINDOWS, proxy: Proxy(), se:cdp: ws://localhost:50854/devtoo..., se:cdpVersion: 103.0.5060.134, setWindowRect: true, strictFileInteractability: false, timeouts: {implicit: 0, pageLoad: 300000, script: 30000}, unhandledPromptBehavior: dismiss and notify, webauthn:extension:credBlob: true, webauthn:extension:largeBlob: true, webauthn:virtualAuthenticators: true}
Session ID: 2d41c02d702d41db49e62dcc44a1eb95]]>
            </message>
            <full-stacktrace>
              <![CDATA[org.openqa.selenium.NoSuchElementException: no such element: Unable to locate element: {"method":"xpath","selector":"/html/body/am-main/div[2]/am-product-search/div/div/div/div[1]/am-product-filter/div[4]/div[1]/img"}
  (Session info: chrome=103.0.5060.134)
For documentation on this error, please visit: https://selenium.dev/exceptions/#no_such_element
Build info: version: '4.3.0', revision: 'a4995e2c09*'
System info: host: 'YUCEPE-PC', ip: '192.168.100.10', os.name: 'Windows 11', os.arch: 'amd64', os.version: '10.0', java.version: '18.0.2'
Driver info: org.openqa.selenium.chrome.ChromeDriver
Command: [2d41c02d702d41db49e62dcc44a1eb95, findElement {using=xpath, value=/html/body/am-main/div[2]/am-product-search/div/div/div/div[1]/am-product-filter/div[4]/div[1]/img}]
Capabilities {acceptInsecureCerts: false, browserName: chrome, browserVersion: 103.0.5060.134, chrome: {chromedriverVersion: 103.0.5060.24 (e47b049c438c..., userDataDir: C:\Users\Yozzco\AppData\Loc...}, goog:chromeOptions: {debuggerAddress: localhost:50854}, networkConnectionEnabled: false, pageLoadStrategy: normal, platformName: WINDOWS, proxy: Proxy(), se:cdp: ws://localhost:50854/devtoo..., se:cdpVersion: 103.0.5060.134, setWindowRect: true, strictFileInteractability: false, timeouts: {implicit: 0, pageLoad: 300000, script: 30000}, unhandledPromptBehavior: dismiss and notify, webauthn:extension:credBlob: true, webauthn:extension:largeBlob: true, webauthn:virtualAuthenticators: true}
Session ID: 2d41c02d702d41db49e62dcc44a1eb95
at java.base/jdk.internal.reflect.DirectConstructorHandleAccessor.newInstance(DirectConstructorHandleAccessor.java:67)
at java.base/java.lang.reflect.Constructor.newInstanceWithCaller(Constructor.java:499)
at java.base/java.lang.reflect.Constructor.newInstance(Constructor.java:483)
at org.openqa.selenium.remote.codec.w3c.W3CHttpResponseCodec.createException(W3CHttpResponseCodec.java:200)
at org.openqa.selenium.remote.codec.w3c.W3CHttpResponseCodec.decode(W3CHttpResponseCodec.java:133)
at org.openqa.selenium.remote.codec.w3c.W3CHttpResponseCodec.decode(W3CHttpResponseCodec.java:53)
at org.openqa.selenium.remote.HttpCommandExecutor.execute(HttpCommandExecutor.java:184)
at org.openqa.selenium.remote.service.DriverCommandExecutor.invokeExecute(DriverCommandExecutor.java:167)
at org.openqa.selenium.remote.service.DriverCommandExecutor.execute(DriverCommandExecutor.java:142)
at org.openqa.selenium.remote.RemoteWebDriver.execute(RemoteWebDriver.java:569)
at org.openqa.selenium.remote.ElementLocation$ElementFinder$2.findElement(ElementLocation.java:162)
at org.openqa.selenium.remote.ElementLocation.findElement(ElementLocation.java:60)
at org.openqa.selenium.remote.RemoteWebDriver.findElement(RemoteWebDriver.java:387)
at org.openqa.selenium.remote.RemoteWebDriver.findElement(RemoteWebDriver.java:379)
at Objects.BasePage.click(BasePage.java:23)
at Objects.FiltroProductosPorMarcaPage.clickOpcionVerMarcas(FiltroProductosPorMarcaPage.java:22)
at Test_Scenarios.TestFiltrarProductosPorMarca_Escenario1.testEscenario1(TestFiltrarProductosPorMarca_Escenario1.java:21)
at java.base/jdk.internal.reflect.DirectMethodHandleAccessor.invoke(DirectMethodHandleAccessor.java:104)
at java.base/java.lang.reflect.Method.invoke(Method.java:577)
at org.testng.internal.invokers.MethodInvocationHelper.invokeMethod(MethodInvocationHelper.java:139)
at org.testng.internal.invokers.TestInvoker.invokeMethod(TestInvoker.java:677)
at org.testng.internal.invokers.TestInvoker.invokeTestMethod(TestInvoker.java:221)
at org.testng.internal.invokers.MethodRunner.runInSequence(MethodRunner.java:50)
at org.testng.internal.invokers.TestInvoker$MethodInvocationAgent.invoke(TestInvoker.java:962)
at org.testng.internal.invokers.TestInvoker.invokeTestMethods(TestInvoker.java:194)
at org.testng.internal.invokers.TestMethodWorker.invokeTestMethods(TestMethodWorker.java:148)
at org.testng.internal.invokers.TestMethodWorker.run(TestMethodWorker.java:128)
at java.base/java.util.ArrayList.forEach(ArrayList.java:1511)
at org.testng.TestRunner.privateRun(TestRunner.java:806)
at org.testng.TestRunner.run(TestRunner.java:601)
at org.testng.SuiteRunner.runTest(SuiteRunner.java:433)
at org.testng.SuiteRunner.runSequentially(SuiteRunner.java:427)
at org.testng.SuiteRunner.privateRun(SuiteRunner.java:387)
at org.testng.SuiteRunner.run(SuiteRunner.java:330)
at org.testng.SuiteRunnerWorker.runSuite(SuiteRunnerWorker.java:52)
at org.testng.SuiteRunnerWorker.run(SuiteRunnerWorker.java:95)
at org.testng.TestNG.runSuitesSequentially(TestNG.java:1256)
at org.testng.TestNG.runSuitesLocally(TestNG.java:1176)
at org.testng.TestNG.runSuites(TestNG.java:1099)
at org.testng.TestNG.run(TestNG.java:1067)
at org.testng.remote.AbstractRemoteTestNG.run(AbstractRemoteTestNG.java:115)
at org.testng.remote.RemoteTestNG.initAndRun(RemoteTestNG.java:251)
at org.testng.remote.RemoteTestNG.main(RemoteTestNG.java:77)
]]>
            </full-stacktrace>
          </exception> <!-- org.openqa.selenium.NoSuchElementException -->
          <reporter-output>
          </reporter-output>
        </test-method> <!-- testEscenario1 -->
        <test-method is-config="true" signature="teardown()[pri:0, instance:Test_Scenarios.TestFiltrarProductosPorMarca_Escenario1@7b2bbc3]" started-at="2022-07-30T00:22:13 CST" name="teardown" finished-at="2022-07-30T00:22:13 CST" duration-ms="321" status="PASS">
          <reporter-output>
          </reporter-output>
        </test-method> <!-- teardown -->
      </class> <!-- Test_Scenarios.TestFiltrarProductosPorMarca_Escenario1 -->
    </test> <!-- TestFiltroProductosPorMarca_Escenario1 -->
  </suite> <!-- Suite -->
</testng-results>
